<?xml version="1.0" encoding="UTF-8"?>
<testng-results ignored="0" total="1" passed="1" failed="0" skipped="0">
  <reporter-output>
    <line>
      <![CDATA[Loggedin Successfully]]>
    </line>
    <line>
      <![CDATA[Welcome to Homescreen]]>
    </line>
    <line>
      <![CDATA[Loggedout Successfully]]>
    </line>
    <line>
      <![CDATA[App closes successfully]]>
    </line>
  </reporter-output>
  <suite started-at="2021-08-31T11:24:50Z" name="Suite" finished-at="2021-08-31T11:29:04Z" duration-ms="253966">
    <groups>
    </groups>
    <test started-at="2021-08-31T11:24:50Z" name="Test" finished-at="2021-08-31T11:29:04Z" duration-ms="253966">
      <class name="teachopia.WelcomeToTeachopiaTest">
        <test-method is-config="true" signature="installTeachopia()[pri:0, instance:teachopia.WelcomeToTeachopiaTest@72a7c7e0]" started-at="2021-08-31T11:24:50Z" name="installTeachopia" finished-at="2021-08-31T11:28:14Z" duration-ms="203511" status="PASS">
          <reporter-output>
          </reporter-output>
        </test-method> <!-- installTeachopia -->
        <test-method is-config="true" signature="loginIntoTeachopia()[pri:0, instance:teachopia.WelcomeToTeachopiaTest@72a7c7e0]" started-at="2021-08-31T11:28:14Z" name="loginIntoTeachopia" finished-at="2021-08-31T11:28:48Z" duration-ms="34507" status="PASS">
          <reporter-output>
            <line>
              <![CDATA[Loggedin Successfully]]>
            </line>
          </reporter-output>
        </test-method> <!-- loginIntoTeachopia -->
        <test-method signature="welcomeTest()[pri:0, instance:teachopia.WelcomeToTeachopiaTest@72a7c7e0]" started-at="2021-08-31T11:28:48Z" name="welcomeTest" finished-at="2021-08-31T11:28:48Z" duration-ms="45" status="PASS">
          <reporter-output>
            <line>
              <![CDATA[Welcome to Homescreen]]>
            </line>
          </reporter-output>
        </test-method> <!-- welcomeTest -->
        <test-method is-config="true" signature="logoutFromTeachopia()[pri:0, instance:teachopia.WelcomeToTeachopiaTest@72a7c7e0]" started-at="2021-08-31T11:28:48Z" name="logoutFromTeachopia" finished-at="2021-08-31T11:28:58Z" duration-ms="10146" status="PASS">
          <reporter-output>
            <line>
              <![CDATA[Loggedout Successfully]]>
            </line>
          </reporter-output>
        </test-method> <!-- logoutFromTeachopia -->
        <test-method is-config="true" signature="quitTeachopia()[pri:0, instance:teachopia.WelcomeToTeachopiaTest@72a7c7e0]" started-at="2021-08-31T11:28:58Z" name="quitTeachopia" finished-at="2021-08-31T11:29:04Z" duration-ms="5721" status="PASS">
          <reporter-output>
            <line>
              <![CDATA[App closes successfully]]>
            </line>
          </reporter-output>
        </test-method> <!-- quitTeachopia -->
      </class> <!-- teachopia.WelcomeToTeachopiaTest -->
    </test> <!-- Test -->
  </suite> <!-- Suite -->
</testng-results>
